<?xml version="1.0" encoding="UTF-8"?>
<testng-results ignored="0" total="2" passed="2" failed="0" skipped="0">
  <reporter-output>
  </reporter-output>
  <suite started-at="2023-05-30T10:53:34 CEST" name="Suite" finished-at="2023-05-30T10:54:52 CEST" duration-ms="78723">
    <groups>
    </groups>
    <test started-at="2023-05-30T10:53:34 CEST" name="Regression" finished-at="2023-05-30T10:54:52 CEST" duration-ms="78723">
      <class name="functional.RydTopUpTests">
        <test-method is-config="true" signature="setUp(java.lang.String)[pri:0, instance:functional.RydTopUpTests@2e222612]" started-at="2023-05-30T10:53:34 CEST" name="setUp" finished-at="2023-05-30T10:53:37 CEST" duration-ms="3062" status="PASS">
          <params>
            <param index="0">
              <value>
                <![CDATA[chrome]]>
              </value>
            </param>
          </params>
          <reporter-output>
          </reporter-output>
        </test-method> <!-- setUp -->
        <test-method is-config="true" signature="setup()[pri:0, instance:functional.RydTopUpTests@2e222612]" started-at="2023-05-30T10:53:37 CEST" name="setup" finished-at="2023-05-30T10:53:37 CEST" duration-ms="0" status="PASS">
          <reporter-output>
          </reporter-output>
        </test-method> <!-- setup -->
        <test-method signature="topUpWith3DS()[pri:0, instance:functional.RydTopUpTests@2e222612]" started-at="2023-05-30T10:53:37 CEST" name="topUpWith3DS" finished-at="2023-05-30T10:54:21 CEST" duration-ms="44543" status="PASS">
          <reporter-output>
          </reporter-output>
        </test-method> <!-- topUpWith3DS -->
        <test-method is-config="true" signature="tearDown()[pri:0, instance:functional.RydTopUpTests@2e222612]" started-at="2023-05-30T10:54:21 CEST" name="tearDown" finished-at="2023-05-30T10:54:22 CEST" duration-ms="209" status="PASS">
          <reporter-output>
          </reporter-output>
        </test-method> <!-- tearDown -->
        <test-method is-config="true" signature="setUp(java.lang.String)[pri:0, instance:functional.RydTopUpTests@2e222612]" started-at="2023-05-30T10:54:22 CEST" name="setUp" finished-at="2023-05-30T10:54:23 CEST" duration-ms="1009" status="PASS">
          <params>
            <param index="0">
              <value>
                <![CDATA[chrome]]>
              </value>
            </param>
          </params>
          <reporter-output>
          </reporter-output>
        </test-method> <!-- setUp -->
        <test-method is-config="true" signature="setup()[pri:0, instance:functional.RydTopUpTests@2e222612]" started-at="2023-05-30T10:54:23 CEST" name="setup" finished-at="2023-05-30T10:54:23 CEST" duration-ms="1" status="PASS">
          <reporter-output>
          </reporter-output>
        </test-method> <!-- setup -->
        <test-method signature="topUpWithout3DS()[pri:0, instance:functional.RydTopUpTests@2e222612]" started-at="2023-05-30T10:54:23 CEST" name="topUpWithout3DS" finished-at="2023-05-30T10:54:52 CEST" duration-ms="29653" status="PASS">
          <reporter-output>
          </reporter-output>
        </test-method> <!-- topUpWithout3DS -->
        <test-method is-config="true" signature="tearDown()[pri:0, instance:functional.RydTopUpTests@2e222612]" started-at="2023-05-30T10:54:52 CEST" name="tearDown" finished-at="2023-05-30T10:54:52 CEST" duration-ms="190" status="PASS">
          <reporter-output>
          </reporter-output>
        </test-method> <!-- tearDown -->
      </class> <!-- functional.RydTopUpTests -->
    </test> <!-- Regression -->
  </suite> <!-- Suite -->
</testng-results>
